
--- ERROR 1 ---
Traceback (most recent call last):
  File "/Users/ogabek/Documents/projects/tanlaAI/venv_mac/lib/python3.14/site-packages/django/db/backends/utils.py", line 105, in _execute
    return self.cursor.execute(sql, params)
           ~~~~~~~~~~~~~~~~~~~^^^^^^^^^^^^^
  File "/Users/ogabek/Documents/projects/tanlaAI/venv_mac/lib/python3.14/site-packages/django/db/backends/sqlite3/base.py", line 359, in execute
    return super().execute(query, params)
           ~~~~~~~~~~~~~~~^^^^^^^^^^^^^^^
sqlite3.OperationalError: database table is locked: shop_product

The above exception was the direct cause of the following exception:

Traceback (most recent call last):
  File "/Users/ogabek/Documents/projects/tanlaAI/backend/shop/services.py", line 1270, in process_product_background
    product = Product.objects.get(id=product.id)
  File "/Users/ogabek/Documents/projects/tanlaAI/venv_mac/lib/python3.14/site-packages/django/db/models/manager.py", line 87, in manager_method
    return getattr(self.get_queryset(), name)(*args, **kwargs)
           ~~~~~~~~~~~~~~~~~~~~~~~~~~~~~~~~~~^^^^^^^^^^^^^^^^^
  File "/Users/ogabek/Documents/projects/tanlaAI/venv_mac/lib/python3.14/site-packages/django/db/models/query.py", line 635, in get
    num = len(clone)
  File "/Users/ogabek/Documents/projects/tanlaAI/venv_mac/lib/python3.14/site-packages/django/db/models/query.py", line 372, in __len__
    self._fetch_all()
    ~~~~~~~~~~~~~~~^^
  File "/Users/ogabek/Documents/projects/tanlaAI/venv_mac/lib/python3.14/site-packages/django/db/models/query.py", line 2000, in _fetch_all
    self._result_cache = list(self._iterable_class(self))
                         ~~~~^^^^^^^^^^^^^^^^^^^^^^^^^^^^
  File "/Users/ogabek/Documents/projects/tanlaAI/venv_mac/lib/python3.14/site-packages/django/db/models/query.py", line 95, in __iter__
    results = compiler.execute_sql(
        chunked_fetch=self.chunked_fetch, chunk_size=self.chunk_size
    )
  File "/Users/ogabek/Documents/projects/tanlaAI/venv_mac/lib/python3.14/site-packages/django/db/models/sql/compiler.py", line 1624, in execute_sql
    cursor.execute(sql, params)
    ~~~~~~~~~~~~~~^^^^^^^^^^^^^
  File "/Users/ogabek/Documents/projects/tanlaAI/venv_mac/lib/python3.14/site-packages/django/db/backends/utils.py", line 79, in execute
    return self._execute_with_wrappers(
           ~~~~~~~~~~~~~~~~~~~~~~~~~~~^
        sql, params, many=False, executor=self._execute
        ^^^^^^^^^^^^^^^^^^^^^^^^^^^^^^^^^^^^^^^^^^^^^^^
    )
    ^
  File "/Users/ogabek/Documents/projects/tanlaAI/venv_mac/lib/python3.14/site-packages/django/db/backends/utils.py", line 92, in _execute_with_wrappers
    return executor(sql, params, many, context)
  File "/Users/ogabek/Documents/projects/tanlaAI/venv_mac/lib/python3.14/site-packages/django/db/backends/utils.py", line 100, in _execute
    with self.db.wrap_database_errors:
         ^^^^^^^^^^^^^^^^^^^^^^^^^^^^
  File "/Users/ogabek/Documents/projects/tanlaAI/venv_mac/lib/python3.14/site-packages/django/db/utils.py", line 94, in __exit__
    raise dj_exc_value.with_traceback(traceback) from exc_value
  File "/Users/ogabek/Documents/projects/tanlaAI/venv_mac/lib/python3.14/site-packages/django/db/backends/utils.py", line 105, in _execute
    return self.cursor.execute(sql, params)
           ~~~~~~~~~~~~~~~~~~~^^^^^^^^^^^^^
  File "/Users/ogabek/Documents/projects/tanlaAI/venv_mac/lib/python3.14/site-packages/django/db/backends/sqlite3/base.py", line 359, in execute
    return super().execute(query, params)
           ~~~~~~~~~~~~~~~^^^^^^^^^^^^^^^
django.db.utils.OperationalError: database table is locked: shop_product

